2025-07-04 18:41:52,145 - Script: 03_eda_b.py
2025-07-04 18:41:52,145 - Description: Performs EDA on the processed Iris data (b) and saves a pairplot.
2025-07-04 18:41:52,145 - FILE_READ: runs/b_20250704_184146/data/processed/iris_processed_b.csv
2025-07-04 18:41:56,059 - PLOT_SAVED: runs/b_20250704_184146/reports/iris_pairplot_b.png
2025-07-04 18:41:56,059 - METADATA_WRITTEN: runs/b_20250704_184146/reports/metadata/iris_pairplot_b.json
2025-07-04 18:41:57,010 - END_LOGGING: Script '03_eda_b.py'
2025-07-04 18:41:57,010 - RUN_DURATION: 4.87 seconds
2025-07-04 18:41:57,010 - SCRIPT_RESULTS:
{
    "plot_generated": "iris_pairplot_b.png",
    "df_shape": [
        225,
        5
    ],
    "df_columns": [
        "sepal_length",
        "sepal_width",
        "petal_length",
        "petal_width",
        "target"
    ]
}
2025-07-04 18:41:57,010 - ---
