2025-07-04 18:42:03,861 - Script: 06_evaluate_hyperparameter_models_b.py
2025-07-04 18:42:03,861 - Description: Evaluates multiple models for data version b.
2025-07-04 18:42:03,861 - FILE_READ: runs/b_20250704_184146/data/processed/X_test_b.csv
2025-07-04 18:42:03,865 - FILE_READ: runs/b_20250704_184146/data/processed/y_test_b.csv
2025-07-04 18:42:06,258 - PLOT_SAVED: runs/b_20250704_184146/reports/confusion_matrices_b.png
2025-07-04 18:42:06,258 - METADATA_WRITTEN: runs/b_20250704_184146/reports/metadata/confusion_matrices_b.json
2025-07-04 18:42:06,982 - END_LOGGING: Script '06_evaluate_hyperparameter_models_b.py'
2025-07-04 18:42:06,982 - RUN_DURATION: 3.12 seconds
2025-07-04 18:42:06,983 - SCRIPT_RESULTS:
{
    "evaluation_metrics": {
        "rf_1": {
            "accuracy": 1.0,
            "classification_report": {
                "0": {
                    "precision": 1.0,
                    "recall": 1.0,
                    "f1-score": 1.0,
                    "support": 13.0
                },
                "1": {
                    "precision": 1.0,
                    "recall": 1.0,
                    "f1-score": 1.0,
                    "support": 14.0
                },
                "2": {
                    "precision": 1.0,
                    "recall": 1.0,
                    "f1-score": 1.0,
                    "support": 18.0
                },
                "accuracy": 1.0,
                "macro avg": {
                    "precision": 1.0,
                    "recall": 1.0,
                    "f1-score": 1.0,
                    "support": 45.0
                },
                "weighted avg": {
                    "precision": 1.0,
                    "recall": 1.0,
                    "f1-score": 1.0,
                    "support": 45.0
                }
            },
            "confusion_matrix": [
                [
                    13,
                    0,
                    0
                ],
                [
                    0,
                    14,
                    0
                ],
                [
                    0,
                    0,
                    18
                ]
            ]
        },
        "rf_2": {
            "accuracy": 1.0,
            "classification_report": {
                "0": {
                    "precision": 1.0,
                    "recall": 1.0,
                    "f1-score": 1.0,
                    "support": 13.0
                },
                "1": {
                    "precision": 1.0,
                    "recall": 1.0,
                    "f1-score": 1.0,
                    "support": 14.0
                },
                "2": {
                    "precision": 1.0,
                    "recall": 1.0,
                    "f1-score": 1.0,
                    "support": 18.0
                },
                "accuracy": 1.0,
                "macro avg": {
                    "precision": 1.0,
                    "recall": 1.0,
                    "f1-score": 1.0,
                    "support": 45.0
                },
                "weighted avg": {
                    "precision": 1.0,
                    "recall": 1.0,
                    "f1-score": 1.0,
                    "support": 45.0
                }
            },
            "confusion_matrix": [
                [
                    13,
                    0,
                    0
                ],
                [
                    0,
                    14,
                    0
                ],
                [
                    0,
                    0,
                    18
                ]
            ]
        },
        "rf_3": {
            "accuracy": 1.0,
            "classification_report": {
                "0": {
                    "precision": 1.0,
                    "recall": 1.0,
                    "f1-score": 1.0,
                    "support": 13.0
                },
                "1": {
                    "precision": 1.0,
                    "recall": 1.0,
                    "f1-score": 1.0,
                    "support": 14.0
                },
                "2": {
                    "precision": 1.0,
                    "recall": 1.0,
                    "f1-score": 1.0,
                    "support": 18.0
                },
                "accuracy": 1.0,
                "macro avg": {
                    "precision": 1.0,
                    "recall": 1.0,
                    "f1-score": 1.0,
                    "support": 45.0
                },
                "weighted avg": {
                    "precision": 1.0,
                    "recall": 1.0,
                    "f1-score": 1.0,
                    "support": 45.0
                }
            },
            "confusion_matrix": [
                [
                    13,
                    0,
                    0
                ],
                [
                    0,
                    14,
                    0
                ],
                [
                    0,
                    0,
                    18
                ]
            ]
        },
        "xgb_1": {
            "accuracy": 1.0,
            "classification_report": {
                "0": {
                    "precision": 1.0,
                    "recall": 1.0,
                    "f1-score": 1.0,
                    "support": 13.0
                },
                "1": {
                    "precision": 1.0,
                    "recall": 1.0,
                    "f1-score": 1.0,
                    "support": 14.0
                },
                "2": {
                    "precision": 1.0,
                    "recall": 1.0,
                    "f1-score": 1.0,
                    "support": 18.0
                },
                "accuracy": 1.0,
                "macro avg": {
                    "precision": 1.0,
                    "recall": 1.0,
                    "f1-score": 1.0,
                    "support": 45.0
                },
                "weighted avg": {
                    "precision": 1.0,
                    "recall": 1.0,
                    "f1-score": 1.0,
                    "support": 45.0
                }
            },
            "confusion_matrix": [
                [
                    13,
                    0,
                    0
                ],
                [
                    0,
                    14,
                    0
                ],
                [
                    0,
                    0,
                    18
                ]
            ]
        },
        "xgb_2": {
            "accuracy": 1.0,
            "classification_report": {
                "0": {
                    "precision": 1.0,
                    "recall": 1.0,
                    "f1-score": 1.0,
                    "support": 13.0
                },
                "1": {
                    "precision": 1.0,
                    "recall": 1.0,
                    "f1-score": 1.0,
                    "support": 14.0
                },
                "2": {
                    "precision": 1.0,
                    "recall": 1.0,
                    "f1-score": 1.0,
                    "support": 18.0
                },
                "accuracy": 1.0,
                "macro avg": {
                    "precision": 1.0,
                    "recall": 1.0,
                    "f1-score": 1.0,
                    "support": 45.0
                },
                "weighted avg": {
                    "precision": 1.0,
                    "recall": 1.0,
                    "f1-score": 1.0,
                    "support": 45.0
                }
            },
            "confusion_matrix": [
                [
                    13,
                    0,
                    0
                ],
                [
                    0,
                    14,
                    0
                ],
                [
                    0,
                    0,
                    18
                ]
            ]
        }
    },
    "test_data_shape": {
        "X_test": [
            45,
            5
        ],
        "y_test": [
            45,
            1
        ]
    }
}
2025-07-04 18:42:06,983 - ---
