2025-07-04 17:52:45,703 - Script: 05_train_alternative_model_b.py
2025-07-04 17:52:45,704 - Description: Trains and compares Logistic Regression and Random Forest models on data version b.
2025-07-04 17:52:45,704 - FILE_READ: runs/b_20250704_175236/data/processed/iris_features_b.csv
2025-07-04 17:52:45,708 - FILE_WRITTEN: runs/b_20250704_175236/data/processed/X_test_b.csv
2025-07-04 17:52:45,757 - MODEL_SAVED: runs/b_20250704_175236/models/iris_log_reg_b.joblib
2025-07-04 17:52:45,757 - METADATA_WRITTEN: runs/b_20250704_175236/models/metadata/iris_log_reg_b.json
2025-07-04 17:52:45,867 - MODEL_SAVED: runs/b_20250704_175236/models/iris_random_forest_b.joblib
2025-07-04 17:52:45,867 - METADATA_WRITTEN: runs/b_20250704_175236/models/metadata/iris_random_forest_b.json
2025-07-04 17:52:45,896 - END_LOGGING: Script '05_train_alternative_model_b.py'
2025-07-04 17:52:45,896 - RUN_DURATION: 0.19 seconds
2025-07-04 17:52:45,896 - SCRIPT_RESULTS:
{
    "logistic_regression": {
        "hyperparameters": {
            "C": 1.0,
            "class_weight": null,
            "dual": false,
            "fit_intercept": true,
            "intercept_scaling": 1,
            "l1_ratio": null,
            "max_iter": 1000,
            "multi_class": "auto",
            "n_jobs": null,
            "penalty": "l2",
            "random_state": null,
            "solver": "lbfgs",
            "tol": 0.0001,
            "verbose": 0,
            "warm_start": false
        },
        "accuracy": 1.0
    },
    "random_forest": {
        "hyperparameters": {
            "bootstrap": true,
            "ccp_alpha": 0.0,
            "class_weight": null,
            "criterion": "gini",
            "max_depth": null,
            "max_features": "sqrt",
            "max_leaf_nodes": null,
            "max_samples": null,
            "min_impurity_decrease": 0.0,
            "min_samples_leaf": 1,
            "min_samples_split": 2,
            "min_weight_fraction_leaf": 0.0,
            "n_estimators": 100,
            "n_jobs": null,
            "oob_score": false,
            "random_state": 42,
            "verbose": 0,
            "warm_start": false
        },
        "accuracy": 1.0
    }
}
2025-07-04 17:52:45,896 - ---
