2025-07-04 18:03:52,286 - Script: 02_preprocess_data_a.py
2025-07-04 18:03:52,286 - Description: Cleans and preprocesses the raw Iris data for version a.
2025-07-04 18:03:52,286 - FILE_READ: runs/a_20250704_180350/data/raw/iris_raw_a.csv
2025-07-04 18:03:52,290 - FILE_WRITTEN: runs/a_20250704_180350/data/processed/iris_processed_a.csv
2025-07-04 18:03:52,291 - END_LOGGING: Script '02_preprocess_data_a.py'
2025-07-04 18:03:52,291 - RUN_DURATION: 0.01 seconds
2025-07-04 18:03:52,291 - SCRIPT_RESULTS:
{
    "processed_rows": 150,
    "initial_df_shape": [
        150,
        5
    ],
    "initial_df_columns": [
        "sepal length (cm)",
        "sepal width (cm)",
        "petal length (cm)",
        "petal width (cm)",
        "target"
    ],
    "processed_df_shape": [
        150,
        5
    ],
    "processed_df_columns": [
        "sepal_length",
        "sepal_width",
        "petal_length",
        "petal_width",
        "target"
    ]
}
2025-07-04 18:03:52,291 - ---
