2025-07-04 18:03:53,674 - Script: 03_eda_a.py
2025-07-04 18:03:53,674 - Description: Performs EDA on the processed Iris data (a) and saves a pairplot.
2025-07-04 18:03:53,674 - FILE_READ: runs/a_20250704_180350/data/processed/iris_processed_a.csv
2025-07-04 18:03:56,268 - PLOT_SAVED: runs/a_20250704_180350/reports/iris_pairplot_a.png
2025-07-04 18:03:56,268 - METADATA_WRITTEN: runs/a_20250704_180350/reports/metadata/iris_pairplot_a.json
2025-07-04 18:03:57,131 - END_LOGGING: Script '03_eda_a.py'
2025-07-04 18:03:57,131 - RUN_DURATION: 3.46 seconds
2025-07-04 18:03:57,131 - SCRIPT_RESULTS:
{
    "plot_generated": "iris_pairplot_a.png",
    "df_shape": [
        150,
        5
    ],
    "df_columns": [
        "sepal_length",
        "sepal_width",
        "petal_length",
        "petal_width",
        "target"
    ]
}
2025-07-04 18:03:57,131 - ---
