2025-07-04 18:03:58,187 - Script: 04_feature_engineering_a.py
2025-07-04 18:03:58,188 - Description: Creates a new feature, 'sepal_area', from the processed Iris data (a).
2025-07-04 18:03:58,188 - FILE_READ: runs/a_20250704_180350/data/processed/iris_processed_a.csv
2025-07-04 18:03:58,192 - FILE_WRITTEN: runs/a_20250704_180350/data/processed/iris_features_a.csv
2025-07-04 18:03:58,194 - END_LOGGING: Script '04_feature_engineering_a.py'
2025-07-04 18:03:58,194 - RUN_DURATION: 0.01 seconds
2025-07-04 18:03:58,194 - SCRIPT_RESULTS:
{
    "features_created": [
        "sepal_area"
    ],
    "initial_df_shape": [
        150,
        5
    ],
    "initial_df_columns": [
        "sepal_length",
        "sepal_width",
        "petal_length",
        "petal_width",
        "target"
    ],
    "processed_df_shape": [
        150,
        6
    ],
    "processed_df_columns": [
        "sepal_length",
        "sepal_width",
        "petal_length",
        "petal_width",
        "target",
        "sepal_area"
    ]
}
2025-07-04 18:03:58,194 - ---
