2025-07-04 18:03:59,355 - Script: 05_train_alternative_model_a.py
2025-07-04 18:03:59,356 - Description: Trains and compares Logistic Regression and Random Forest models on data version a.
2025-07-04 18:03:59,356 - FILE_READ: runs/a_20250704_180350/data/processed/iris_features_a.csv
2025-07-04 18:03:59,360 - FILE_WRITTEN: runs/a_20250704_180350/data/processed/X_test_a.csv
2025-07-04 18:03:59,405 - MODEL_SAVED: runs/a_20250704_180350/models/iris_log_reg_a.joblib
2025-07-04 18:03:59,405 - METADATA_WRITTEN: runs/a_20250704_180350/models/metadata/iris_log_reg_a.json
2025-07-04 18:03:59,525 - MODEL_SAVED: runs/a_20250704_180350/models/iris_random_forest_a.joblib
2025-07-04 18:03:59,525 - METADATA_WRITTEN: runs/a_20250704_180350/models/metadata/iris_random_forest_a.json
2025-07-04 18:03:59,554 - END_LOGGING: Script '05_train_alternative_model_a.py'
2025-07-04 18:03:59,554 - RUN_DURATION: 0.20 seconds
2025-07-04 18:03:59,554 - SCRIPT_RESULTS:
{
    "data_shapes": {
        "input_df": [
            150,
            6
        ],
        "X_train": [
            120,
            5
        ],
        "X_test": [
            30,
            5
        ],
        "y_train": [
            120
        ],
        "y_test": [
            30
        ]
    },
    "logistic_regression": {
        "hyperparameters": {
            "C": 1.0,
            "class_weight": null,
            "dual": false,
            "fit_intercept": true,
            "intercept_scaling": 1,
            "l1_ratio": null,
            "max_iter": 200,
            "multi_class": "auto",
            "n_jobs": null,
            "penalty": "l2",
            "random_state": null,
            "solver": "lbfgs",
            "tol": 0.0001,
            "verbose": 0,
            "warm_start": false
        },
        "accuracy": 1.0
    },
    "random_forest": {
        "hyperparameters": {
            "bootstrap": true,
            "ccp_alpha": 0.0,
            "class_weight": null,
            "criterion": "gini",
            "max_depth": null,
            "max_features": "sqrt",
            "max_leaf_nodes": null,
            "max_samples": null,
            "min_impurity_decrease": 0.0,
            "min_samples_leaf": 1,
            "min_samples_split": 2,
            "min_weight_fraction_leaf": 0.0,
            "n_estimators": 100,
            "n_jobs": null,
            "oob_score": false,
            "random_state": 42,
            "verbose": 0,
            "warm_start": false
        },
        "accuracy": 1.0
    }
}
2025-07-04 18:03:59,554 - ---
