2025-07-04 18:04:01,051 - Script: 06_evaluate_alternative_models_a.py
2025-07-04 18:04:01,051 - Description: Evaluates and compares the trained models for data version a.
2025-07-04 18:04:01,114 - FILE_READ: runs/a_20250704_180350/data/processed/iris_features_a.csv
2025-07-04 18:04:01,117 - FILE_READ: runs/a_20250704_180350/data/processed/X_test_a.csv
2025-07-04 18:04:01,118 - FILE_READ: runs/a_20250704_180350/data/processed/y_test_a.csv
2025-07-04 18:04:01,451 - PLOT_SAVED: runs/a_20250704_180350/reports/confusion_matrices_a.png
2025-07-04 18:04:01,452 - METADATA_WRITTEN: runs/a_20250704_180350/reports/metadata/confusion_matrices_a.json
2025-07-04 18:04:01,588 - END_LOGGING: Script '06_evaluate_alternative_models_a.py'
2025-07-04 18:04:01,588 - RUN_DURATION: 0.54 seconds
2025-07-04 18:04:01,588 - SCRIPT_RESULTS:
{
    "logistic_regression_accuracy": 1.0,
    "random_forest_accuracy": 1.0,
    "logistic_regression_cm": [
        [
            10,
            0,
            0
        ],
        [
            0,
            9,
            0
        ],
        [
            0,
            0,
            11
        ]
    ],
    "random_forest_cm": [
        [
            10,
            0,
            0
        ],
        [
            0,
            9,
            0
        ],
        [
            0,
            0,
            11
        ]
    ],
    "test_data_shape": {
        "X_test": [
            30,
            5
        ],
        "y_test": [
            30,
            1
        ]
    }
}
2025-07-04 18:04:01,588 - ---
