2025-07-04 18:03:26,200 - Script: 01_ingest_data_b.py
2025-07-04 18:03:26,200 - Description: Loads and simulates a 50% increase in the Iris dataset for experiment B.
2025-07-04 18:03:26,201 - FILE_WRITTEN: runs/b_20250704_180325/data/raw/iris_raw_b.csv
2025-07-04 18:03:26,204 - END_LOGGING: Script '01_ingest_data_b.py'
2025-07-04 18:03:26,204 - RUN_DURATION: 0.00 seconds
2025-07-04 18:03:26,204 - SCRIPT_RESULTS:
{
    "rows_ingested": 225,
    "df_shape": [
        225,
        5
    ],
    "df_columns": [
        "sepal length (cm)",
        "sepal width (cm)",
        "petal length (cm)",
        "petal width (cm)",
        "target"
    ]
}
2025-07-04 18:03:26,204 - ---
