2025-07-04 18:03:28,485 - Script: 03_eda_b.py
2025-07-04 18:03:28,485 - Description: Performs EDA on the processed Iris data (b) and saves a pairplot.
2025-07-04 18:03:28,485 - FILE_READ: runs/b_20250704_180325/data/processed/iris_processed_b.csv
2025-07-04 18:03:31,077 - PLOT_SAVED: runs/b_20250704_180325/reports/iris_pairplot_b.png
2025-07-04 18:03:31,077 - METADATA_WRITTEN: runs/b_20250704_180325/reports/metadata/iris_pairplot_b.json
2025-07-04 18:03:31,953 - END_LOGGING: Script '03_eda_b.py'
2025-07-04 18:03:31,953 - RUN_DURATION: 3.47 seconds
2025-07-04 18:03:31,954 - SCRIPT_RESULTS:
{
    "plot_generated": "iris_pairplot_b.png",
    "df_shape": [
        225,
        5
    ],
    "df_columns": [
        "sepal_length",
        "sepal_width",
        "petal_length",
        "petal_width",
        "target"
    ]
}
2025-07-04 18:03:31,954 - ---
