2025-07-04 18:03:35,819 - Script: 06_evaluate_alternative_models_b.py
2025-07-04 18:03:35,819 - Description: Evaluates and compares the trained models for data version b.
2025-07-04 18:03:35,880 - FILE_READ: runs/b_20250704_180325/data/processed/iris_features_b.csv
2025-07-04 18:03:35,882 - FILE_READ: runs/b_20250704_180325/data/processed/X_test_b.csv
2025-07-04 18:03:35,884 - FILE_READ: runs/b_20250704_180325/data/processed/y_test_b.csv
2025-07-04 18:03:36,229 - PLOT_SAVED: runs/b_20250704_180325/reports/confusion_matrices_b.png
2025-07-04 18:03:36,229 - METADATA_WRITTEN: runs/b_20250704_180325/reports/metadata/confusion_matrices_b.json
2025-07-04 18:03:36,376 - END_LOGGING: Script '06_evaluate_alternative_models_b.py'
2025-07-04 18:03:36,376 - RUN_DURATION: 0.56 seconds
2025-07-04 18:03:36,376 - SCRIPT_RESULTS:
{
    "logistic_regression_accuracy": 1.0,
    "random_forest_accuracy": 1.0,
    "logistic_regression_cm": [
        [
            13,
            0,
            0
        ],
        [
            0,
            14,
            0
        ],
        [
            0,
            0,
            18
        ]
    ],
    "random_forest_cm": [
        [
            13,
            0,
            0
        ],
        [
            0,
            14,
            0
        ],
        [
            0,
            0,
            18
        ]
    ],
    "test_data_shape": {
        "X_test": [
            45,
            5
        ],
        "y_test": [
            45,
            1
        ]
    }
}
2025-07-04 18:03:36,376 - ---
