2025-07-04 18:15:27,799 - Script: 02_preprocess_data_d.py
2025-07-04 18:15:27,799 - Description: Cleans and preprocesses the raw Iris data for version d.
2025-07-04 18:15:27,799 - FILE_READ: runs/d_20250704_181525/data/raw/iris_raw_d.csv
2025-07-04 18:15:27,806 - FILE_WRITTEN: runs/d_20250704_181525/data/processed/iris_processed_d.csv
2025-07-04 18:15:27,807 - END_LOGGING: Script '02_preprocess_data_d.py'
2025-07-04 18:15:27,808 - RUN_DURATION: 0.01 seconds
2025-07-04 18:15:27,808 - SCRIPT_RESULTS:
{
    "processed_rows": 150,
    "initial_df_shape": [
        150,
        6
    ],
    "initial_df_columns": [
        "sepal length (cm)",
        "sepal width (cm)",
        "petal length (cm)",
        "petal width (cm)",
        "target",
        "categorical_feature"
    ],
    "processed_df_shape": [
        150,
        10
    ],
    "processed_df_columns": [
        "sepal_length",
        "sepal_width",
        "petal_length",
        "petal_width",
        "target",
        "cat_cat1",
        "cat_cat2",
        "cat_cat3",
        "cat_cat4",
        "cat_cat5"
    ]
}
2025-07-04 18:15:27,808 - ---
