2025-07-04 18:15:29,358 - Script: 03_eda_d.py
2025-07-04 18:15:29,358 - Description: Performs EDA on the processed Iris data (d) and saves a pairplot.
2025-07-04 18:15:29,358 - FILE_READ: runs/d_20250704_181525/data/processed/iris_processed_d.csv
2025-07-04 18:15:43,250 - PLOT_SAVED: runs/d_20250704_181525/reports/iris_pairplot_d.png
2025-07-04 18:15:43,250 - METADATA_WRITTEN: runs/d_20250704_181525/reports/metadata/iris_pairplot_d.json
2025-07-04 18:15:47,899 - END_LOGGING: Script '03_eda_d.py'
2025-07-04 18:15:47,899 - RUN_DURATION: 18.54 seconds
2025-07-04 18:15:47,899 - SCRIPT_RESULTS:
{
    "plot_generated": "iris_pairplot_d.png",
    "df_shape": [
        150,
        10
    ],
    "df_columns": [
        "sepal_length",
        "sepal_width",
        "petal_length",
        "petal_width",
        "target",
        "cat_cat1",
        "cat_cat2",
        "cat_cat3",
        "cat_cat4",
        "cat_cat5"
    ]
}
2025-07-04 18:15:47,899 - ---
