2025-07-04 18:15:49,495 - Script: 04_feature_engineering_d.py
2025-07-04 18:15:49,495 - Description: Creates a new feature, 'sepal_area', from the processed Iris data (d).
2025-07-04 18:15:49,495 - FILE_READ: runs/d_20250704_181525/data/processed/iris_processed_d.csv
2025-07-04 18:15:49,499 - FILE_WRITTEN: runs/d_20250704_181525/data/processed/iris_features_d.csv
2025-07-04 18:15:49,501 - END_LOGGING: Script '04_feature_engineering_d.py'
2025-07-04 18:15:49,501 - RUN_DURATION: 0.01 seconds
2025-07-04 18:15:49,501 - SCRIPT_RESULTS:
{
    "features_created": [
        "sepal_area"
    ],
    "initial_df_shape": [
        150,
        10
    ],
    "initial_df_columns": [
        "sepal_length",
        "sepal_width",
        "petal_length",
        "petal_width",
        "target",
        "cat_cat1",
        "cat_cat2",
        "cat_cat3",
        "cat_cat4",
        "cat_cat5"
    ],
    "processed_df_shape": [
        150,
        11
    ],
    "processed_df_columns": [
        "sepal_length",
        "sepal_width",
        "petal_length",
        "petal_width",
        "target",
        "cat_cat1",
        "cat_cat2",
        "cat_cat3",
        "cat_cat4",
        "cat_cat5",
        "sepal_area"
    ]
}
2025-07-04 18:15:49,501 - ---
