2025-07-04 18:15:50,769 - Script: 05_train_alternative_model_d.py
2025-07-04 18:15:50,770 - Description: Trains and compares Logistic Regression and Random Forest models on data version d.
2025-07-04 18:15:50,770 - FILE_READ: runs/d_20250704_181525/data/processed/iris_features_d.csv
2025-07-04 18:15:50,777 - FILE_WRITTEN: runs/d_20250704_181525/data/processed/X_test_d.csv
2025-07-04 18:15:50,823 - MODEL_SAVED: runs/d_20250704_181525/models/iris_log_reg_d.joblib
2025-07-04 18:15:50,823 - METADATA_WRITTEN: runs/d_20250704_181525/models/metadata/iris_log_reg_d.json
2025-07-04 18:15:50,939 - MODEL_SAVED: runs/d_20250704_181525/models/iris_random_forest_d.joblib
2025-07-04 18:15:50,939 - METADATA_WRITTEN: runs/d_20250704_181525/models/metadata/iris_random_forest_d.json
2025-07-04 18:15:50,967 - END_LOGGING: Script '05_train_alternative_model_d.py'
2025-07-04 18:15:50,967 - RUN_DURATION: 0.20 seconds
2025-07-04 18:15:50,967 - SCRIPT_RESULTS:
{
    "data_shapes": {
        "input_df": [
            150,
            11
        ],
        "X_train": [
            120,
            10
        ],
        "X_test": [
            30,
            10
        ],
        "y_train": [
            120
        ],
        "y_test": [
            30
        ]
    },
    "logistic_regression": {
        "hyperparameters": {
            "C": 1.0,
            "class_weight": null,
            "dual": false,
            "fit_intercept": true,
            "intercept_scaling": 1,
            "l1_ratio": null,
            "max_iter": 200,
            "multi_class": "auto",
            "n_jobs": null,
            "penalty": "l2",
            "random_state": null,
            "solver": "lbfgs",
            "tol": 0.0001,
            "verbose": 0,
            "warm_start": false
        },
        "accuracy": 0.9666666666666667
    },
    "random_forest": {
        "hyperparameters": {
            "bootstrap": true,
            "ccp_alpha": 0.0,
            "class_weight": null,
            "criterion": "gini",
            "max_depth": null,
            "max_features": "sqrt",
            "max_leaf_nodes": null,
            "max_samples": null,
            "min_impurity_decrease": 0.0,
            "min_samples_leaf": 1,
            "min_samples_split": 2,
            "min_weight_fraction_leaf": 0.0,
            "n_estimators": 100,
            "n_jobs": null,
            "oob_score": false,
            "random_state": 42,
            "verbose": 0,
            "warm_start": false
        },
        "accuracy": 0.9666666666666667
    }
}
2025-07-04 18:15:50,967 - ---
