2025-07-04 18:15:52,757 - Script: 06_evaluate_alternative_models_d.py
2025-07-04 18:15:52,758 - Description: Evaluates and compares the trained models for data version d.
2025-07-04 18:15:52,821 - FILE_READ: runs/d_20250704_181525/data/processed/iris_features_d.csv
2025-07-04 18:15:52,824 - FILE_READ: runs/d_20250704_181525/data/processed/X_test_d.csv
2025-07-04 18:15:52,825 - FILE_READ: runs/d_20250704_181525/data/processed/y_test_d.csv
2025-07-04 18:15:53,151 - PLOT_SAVED: runs/d_20250704_181525/reports/confusion_matrices_d.png
2025-07-04 18:15:53,151 - METADATA_WRITTEN: runs/d_20250704_181525/reports/metadata/confusion_matrices_d.json
2025-07-04 18:15:53,304 - END_LOGGING: Script '06_evaluate_alternative_models_d.py'
2025-07-04 18:15:53,304 - RUN_DURATION: 0.55 seconds
2025-07-04 18:15:53,304 - SCRIPT_RESULTS:
{
    "logistic_regression_accuracy": 0.9666666666666667,
    "random_forest_accuracy": 0.9666666666666667,
    "logistic_regression_cm": [
        [
            10,
            0,
            0
        ],
        [
            0,
            8,
            1
        ],
        [
            0,
            0,
            11
        ]
    ],
    "random_forest_cm": [
        [
            10,
            0,
            0
        ],
        [
            0,
            8,
            1
        ],
        [
            0,
            0,
            11
        ]
    ],
    "logistic_regression_report": {
        "0": {
            "precision": 1.0,
            "recall": 1.0,
            "f1-score": 1.0,
            "support": 10
        },
        "1": {
            "precision": 1.0,
            "recall": 0.8888888888888888,
            "f1-score": 0.9411764705882353,
            "support": 9
        },
        "2": {
            "precision": 0.9166666666666666,
            "recall": 1.0,
            "f1-score": 0.9565217391304348,
            "support": 11
        },
        "accuracy": 0.9666666666666667,
        "macro avg": {
            "precision": 0.9722222222222222,
            "recall": 0.9629629629629629,
            "f1-score": 0.9658994032395567,
            "support": 30
        },
        "weighted avg": {
            "precision": 0.9694444444444444,
            "recall": 0.9666666666666667,
            "f1-score": 0.9664109121909632,
            "support": 30
        }
    },
    "random_forest_report": {
        "0": {
            "precision": 1.0,
            "recall": 1.0,
            "f1-score": 1.0,
            "support": 10
        },
        "1": {
            "precision": 1.0,
            "recall": 0.8888888888888888,
            "f1-score": 0.9411764705882353,
            "support": 9
        },
        "2": {
            "precision": 0.9166666666666666,
            "recall": 1.0,
            "f1-score": 0.9565217391304348,
            "support": 11
        },
        "accuracy": 0.9666666666666667,
        "macro avg": {
            "precision": 0.9722222222222222,
            "recall": 0.9629629629629629,
            "f1-score": 0.9658994032395567,
            "support": 30
        },
        "weighted avg": {
            "precision": 0.9694444444444444,
            "recall": 0.9666666666666667,
            "f1-score": 0.9664109121909632,
            "support": 30
        }
    },
    "test_data_shape": {
        "X_test": [
            30,
            10
        ],
        "y_test": [
            30,
            1
        ]
    }
}
2025-07-04 18:15:53,304 - ---
