2025-07-04 18:02:51,271 - Script: 01_ingest_data_b.py
2025-07-04 18:02:51,271 - Description: Loads and simulates a 50% increase in the Iris dataset for experiment B.
2025-07-04 18:02:51,271 - FILE_WRITTEN: runs/b_20250704_180250/data/raw/iris_raw_b.csv
2025-07-04 18:02:51,274 - END_LOGGING: Script '01_ingest_data_b.py'
2025-07-04 18:02:51,274 - RUN_DURATION: 0.00 seconds
2025-07-04 18:02:51,275 - SCRIPT_RESULTS:
{
    "rows_ingested": 225,
    "df_shape": [
        225,
        5
    ],
    "df_columns": [
        "sepal length (cm)",
        "sepal width (cm)",
        "petal length (cm)",
        "petal width (cm)",
        "target"
    ]
}
2025-07-04 18:02:51,275 - ---
