2025-07-04 18:03:01,357 - Script: 06_evaluate_alternative_models_b.py
2025-07-04 18:03:01,358 - Description: Evaluates and compares the trained models for data version b.
2025-07-04 18:03:01,420 - FILE_READ: runs/b_20250704_180250/data/processed/iris_features_b.csv
2025-07-04 18:03:01,423 - FILE_READ: runs/b_20250704_180250/data/processed/X_test_b.csv
2025-07-04 18:03:01,424 - FILE_READ: runs/b_20250704_180250/data/processed/y_test_b.csv
2025-07-04 18:03:01,789 - PLOT_SAVED: runs/b_20250704_180250/reports/confusion_matrices_b.png
2025-07-04 18:03:01,789 - METADATA_WRITTEN: runs/b_20250704_180250/reports/metadata/confusion_matrices_b.json
2025-07-04 18:03:01,934 - END_LOGGING: Script '06_evaluate_alternative_models_b.py'
2025-07-04 18:03:01,935 - RUN_DURATION: 0.58 seconds
2025-07-04 18:03:01,935 - SCRIPT_RESULTS:
{
    "logistic_regression_accuracy": 1.0,
    "random_forest_accuracy": 1.0,
    "logistic_regression_cm": [
        [
            13,
            0,
            0
        ],
        [
            0,
            14,
            0
        ],
        [
            0,
            0,
            18
        ]
    ],
    "random_forest_cm": [
        [
            13,
            0,
            0
        ],
        [
            0,
            14,
            0
        ],
        [
            0,
            0,
            18
        ]
    ],
    "test_data_shape": {
        "X_test": [
            45,
            5
        ],
        "y_test": [
            45,
            1
        ]
    }
}
2025-07-04 18:03:01,935 - ---
