2025-07-04 19:01:13,097 - Script: 01_ingest_data_a.py
2025-07-04 19:01:13,097 - Description: Loads the original Iris dataset and saves it to the raw data directory for experiment A.
2025-07-04 19:01:13,097 - FILE_WRITTEN: runs/a_20250704_190112/data/raw/iris_raw_a.csv
2025-07-04 19:01:13,100 - END_LOGGING: Script '01_ingest_data_a.py'
2025-07-04 19:01:13,100 - RUN_DURATION: 0.00 seconds
2025-07-04 19:01:13,100 - SCRIPT_RESULTS:
{
    "rows_ingested": 150,
    "df_shape": [
        150,
        5
    ],
    "df_columns": [
        "sepal length (cm)",
        "sepal width (cm)",
        "petal length (cm)",
        "petal width (cm)",
        "target"
    ]
}
2025-07-04 19:01:13,100 - ---
