2025-07-04 18:40:34,562 - Script: 01_ingest_data_b.py
2025-07-04 18:40:34,562 - Description: Loads and simulates a 50% increase in the Iris dataset for experiment B.
2025-07-04 18:40:34,562 - FILE_WRITTEN: runs/b_20250704_184033/data/raw/iris_raw_b.csv
2025-07-04 18:40:34,566 - END_LOGGING: Script '01_ingest_data_b.py'
2025-07-04 18:40:34,566 - RUN_DURATION: 0.00 seconds
2025-07-04 18:40:34,566 - SCRIPT_RESULTS:
{
    "rows_ingested": 225,
    "df_shape": [
        225,
        5
    ],
    "df_columns": [
        "sepal length (cm)",
        "sepal width (cm)",
        "petal length (cm)",
        "petal width (cm)",
        "target"
    ]
}
2025-07-04 18:40:34,566 - ---
