2025-07-04 18:40:37,694 - Script: 03_eda_b.py
2025-07-04 18:40:37,694 - Description: Performs EDA on the processed Iris data (b) and saves a pairplot.
2025-07-04 18:40:37,694 - FILE_READ: runs/b_20250704_184033/data/processed/iris_processed_b.csv
2025-07-04 18:40:41,045 - PLOT_SAVED: runs/b_20250704_184033/reports/iris_pairplot_b.png
2025-07-04 18:40:41,045 - METADATA_WRITTEN: runs/b_20250704_184033/reports/metadata/iris_pairplot_b.json
2025-07-04 18:40:42,392 - END_LOGGING: Script '03_eda_b.py'
2025-07-04 18:40:42,392 - RUN_DURATION: 4.70 seconds
2025-07-04 18:40:42,392 - SCRIPT_RESULTS:
{
    "plot_generated": "iris_pairplot_b.png",
    "df_shape": [
        225,
        5
    ],
    "df_columns": [
        "sepal_length",
        "sepal_width",
        "petal_length",
        "petal_width",
        "target"
    ]
}
2025-07-04 18:40:42,393 - ---
