2025-07-04 18:17:08,298 - Script: 02_preprocess_data_e.py
2025-07-04 18:17:08,298 - Description: Cleans and preprocesses the raw Iris data for version e.
2025-07-04 18:17:08,298 - FILE_READ: runs/e_20250704_181705/data/raw/iris_raw_e.csv
2025-07-04 18:17:08,307 - FILE_WRITTEN: runs/e_20250704_181705/data/processed/iris_processed_e.csv
2025-07-04 18:17:08,310 - END_LOGGING: Script '02_preprocess_data_e.py'
2025-07-04 18:17:08,310 - RUN_DURATION: 0.01 seconds
2025-07-04 18:17:08,310 - SCRIPT_RESULTS:
{
    "processed_rows": 150,
    "initial_df_shape": [
        150,
        5
    ],
    "initial_df_columns": [
        "sepal length (cm)",
        "sepal width (cm)",
        "petal length (cm)",
        "petal width (cm)",
        "target"
    ],
    "processed_df_shape": [
        150,
        5
    ],
    "processed_df_columns": [
        "sepal_length",
        "sepal_width",
        "petal_length",
        "petal_width",
        "target"
    ]
}
2025-07-04 18:17:08,310 - ---
