2025-07-04 18:17:09,820 - Script: 03_eda_e.py
2025-07-04 18:17:09,820 - Description: Performs EDA on the processed Iris data (e) and saves a pairplot.
2025-07-04 18:17:09,820 - FILE_READ: runs/e_20250704_181705/data/processed/iris_processed_e.csv
2025-07-04 18:17:12,407 - PLOT_SAVED: runs/e_20250704_181705/reports/iris_pairplot_e.png
2025-07-04 18:17:12,407 - METADATA_WRITTEN: runs/e_20250704_181705/reports/metadata/iris_pairplot_e.json
2025-07-04 18:17:13,261 - END_LOGGING: Script '03_eda_e.py'
2025-07-04 18:17:13,261 - RUN_DURATION: 3.44 seconds
2025-07-04 18:17:13,261 - SCRIPT_RESULTS:
{
    "plot_generated": "iris_pairplot_e.png",
    "df_shape": [
        150,
        5
    ],
    "df_columns": [
        "sepal_length",
        "sepal_width",
        "petal_length",
        "petal_width",
        "target"
    ]
}
2025-07-04 18:17:13,261 - ---
