2025-07-04 18:17:15,485 - Script: 05_train_alternative_model_e.py
2025-07-04 18:17:15,485 - Description: Trains and compares Logistic Regression and Random Forest models on data version e.
2025-07-04 18:17:15,485 - FILE_READ: runs/e_20250704_181705/data/processed/iris_features_e.csv
2025-07-04 18:17:15,490 - FILE_WRITTEN: runs/e_20250704_181705/data/processed/X_test_e.csv
2025-07-04 18:17:15,535 - MODEL_SAVED: runs/e_20250704_181705/models/iris_log_reg_e.joblib
2025-07-04 18:17:15,535 - METADATA_WRITTEN: runs/e_20250704_181705/models/metadata/iris_log_reg_e.json
2025-07-04 18:17:15,652 - MODEL_SAVED: runs/e_20250704_181705/models/iris_random_forest_e.joblib
2025-07-04 18:17:15,653 - METADATA_WRITTEN: runs/e_20250704_181705/models/metadata/iris_random_forest_e.json
2025-07-04 18:17:15,681 - END_LOGGING: Script '05_train_alternative_model_e.py'
2025-07-04 18:17:15,681 - RUN_DURATION: 0.20 seconds
2025-07-04 18:17:15,681 - SCRIPT_RESULTS:
{
    "data_shapes": {
        "input_df": [
            150,
            6
        ],
        "X_train": [
            120,
            5
        ],
        "X_test": [
            30,
            5
        ],
        "y_train": [
            120
        ],
        "y_test": [
            30
        ]
    },
    "logistic_regression": {
        "hyperparameters": {
            "C": 1.0,
            "class_weight": null,
            "dual": false,
            "fit_intercept": true,
            "intercept_scaling": 1,
            "l1_ratio": null,
            "max_iter": 200,
            "multi_class": "auto",
            "n_jobs": null,
            "penalty": "l2",
            "random_state": null,
            "solver": "lbfgs",
            "tol": 0.0001,
            "verbose": 0,
            "warm_start": false
        },
        "accuracy": 0.7
    },
    "random_forest": {
        "hyperparameters": {
            "bootstrap": true,
            "ccp_alpha": 0.0,
            "class_weight": null,
            "criterion": "gini",
            "max_depth": null,
            "max_features": "sqrt",
            "max_leaf_nodes": null,
            "max_samples": null,
            "min_impurity_decrease": 0.0,
            "min_samples_leaf": 1,
            "min_samples_split": 2,
            "min_weight_fraction_leaf": 0.0,
            "n_estimators": 100,
            "n_jobs": null,
            "oob_score": false,
            "random_state": 42,
            "verbose": 0,
            "warm_start": false
        },
        "accuracy": 0.7
    }
}
2025-07-04 18:17:15,681 - ---
