2025-07-04 18:17:17,176 - Script: 06_evaluate_alternative_models_e.py
2025-07-04 18:17:17,176 - Description: Evaluates and compares the trained models for data version e.
2025-07-04 18:17:17,237 - FILE_READ: runs/e_20250704_181705/data/processed/iris_features_e.csv
2025-07-04 18:17:17,240 - FILE_READ: runs/e_20250704_181705/data/processed/X_test_e.csv
2025-07-04 18:17:17,241 - FILE_READ: runs/e_20250704_181705/data/processed/y_test_e.csv
2025-07-04 18:17:17,585 - PLOT_SAVED: runs/e_20250704_181705/reports/confusion_matrices_e.png
2025-07-04 18:17:17,585 - METADATA_WRITTEN: runs/e_20250704_181705/reports/metadata/confusion_matrices_e.json
2025-07-04 18:17:17,740 - END_LOGGING: Script '06_evaluate_alternative_models_e.py'
2025-07-04 18:17:17,740 - RUN_DURATION: 0.56 seconds
2025-07-04 18:17:17,740 - SCRIPT_RESULTS:
{
    "logistic_regression_accuracy": 0.7,
    "random_forest_accuracy": 0.7,
    "logistic_regression_cm": [
        [
            4,
            6,
            0
        ],
        [
            0,
            9,
            0
        ],
        [
            0,
            3,
            8
        ]
    ],
    "random_forest_cm": [
        [
            4,
            6,
            0
        ],
        [
            0,
            9,
            0
        ],
        [
            0,
            3,
            8
        ]
    ],
    "logistic_regression_report": {
        "0": {
            "precision": 1.0,
            "recall": 0.4,
            "f1-score": 0.5714285714285715,
            "support": 10
        },
        "1": {
            "precision": 0.5,
            "recall": 1.0,
            "f1-score": 0.6666666666666666,
            "support": 9
        },
        "2": {
            "precision": 1.0,
            "recall": 0.7272727272727273,
            "f1-score": 0.8421052631578948,
            "support": 11
        },
        "accuracy": 0.7,
        "macro avg": {
            "precision": 0.8333333333333334,
            "recall": 0.709090909090909,
            "f1-score": 0.6934001670843776,
            "support": 30
        },
        "weighted avg": {
            "precision": 0.85,
            "recall": 0.7,
            "f1-score": 0.6992481203007519,
            "support": 30
        }
    },
    "random_forest_report": {
        "0": {
            "precision": 1.0,
            "recall": 0.4,
            "f1-score": 0.5714285714285715,
            "support": 10
        },
        "1": {
            "precision": 0.5,
            "recall": 1.0,
            "f1-score": 0.6666666666666666,
            "support": 9
        },
        "2": {
            "precision": 1.0,
            "recall": 0.7272727272727273,
            "f1-score": 0.8421052631578948,
            "support": 11
        },
        "accuracy": 0.7,
        "macro avg": {
            "precision": 0.8333333333333334,
            "recall": 0.709090909090909,
            "f1-score": 0.6934001670843776,
            "support": 30
        },
        "weighted avg": {
            "precision": 0.85,
            "recall": 0.7,
            "f1-score": 0.6992481203007519,
            "support": 30
        }
    },
    "test_data_shape": {
        "X_test": [
            30,
            5
        ],
        "y_test": [
            30,
            1
        ]
    }
}
2025-07-04 18:17:17,740 - ---
