2025-07-04 18:13:16,359 - Script: 02_preprocess_data_c.py
2025-07-04 18:13:16,359 - Description: Cleans and preprocesses the raw Iris data for version c.
2025-07-04 18:13:16,359 - FILE_READ: runs/c_20250704_181313/data/raw/iris_raw_c.csv
2025-07-04 18:13:16,363 - FILE_WRITTEN: runs/c_20250704_181313/data/processed/iris_processed_c.csv
2025-07-04 18:13:16,365 - END_LOGGING: Script '02_preprocess_data_c.py'
2025-07-04 18:13:16,365 - RUN_DURATION: 0.01 seconds
2025-07-04 18:13:16,365 - SCRIPT_RESULTS:
{
    "processed_rows": 300,
    "initial_df_shape": [
        300,
        5
    ],
    "initial_df_columns": [
        "sepal length (cm)",
        "sepal width (cm)",
        "petal length (cm)",
        "petal width (cm)",
        "target"
    ],
    "processed_df_shape": [
        300,
        5
    ],
    "processed_df_columns": [
        "sepal_length",
        "sepal_width",
        "petal_length",
        "petal_width",
        "target"
    ]
}
2025-07-04 18:13:16,365 - ---
