2025-07-04 18:13:17,855 - Script: 03_eda_c.py
2025-07-04 18:13:17,855 - Description: Performs EDA on the processed Iris data (c) and saves a pairplot.
2025-07-04 18:13:17,856 - FILE_READ: runs/c_20250704_181313/data/processed/iris_processed_c.csv
2025-07-04 18:13:20,694 - PLOT_SAVED: runs/c_20250704_181313/reports/iris_pairplot_c.png
2025-07-04 18:13:20,695 - METADATA_WRITTEN: runs/c_20250704_181313/reports/metadata/iris_pairplot_c.json
2025-07-04 18:13:21,797 - END_LOGGING: Script '03_eda_c.py'
2025-07-04 18:13:21,797 - RUN_DURATION: 3.94 seconds
2025-07-04 18:13:21,798 - SCRIPT_RESULTS:
{
    "plot_generated": "iris_pairplot_c.png",
    "df_shape": [
        300,
        5
    ],
    "df_columns": [
        "sepal_length",
        "sepal_width",
        "petal_length",
        "petal_width",
        "target"
    ]
}
2025-07-04 18:13:21,798 - ---
