2025-07-04 18:13:24,472 - Script: 05_train_alternative_model_c.py
2025-07-04 18:13:24,472 - Description: Trains and compares Logistic Regression and Random Forest models on data version c.
2025-07-04 18:13:24,472 - FILE_READ: runs/c_20250704_181313/data/processed/iris_features_c.csv
2025-07-04 18:13:24,476 - FILE_WRITTEN: runs/c_20250704_181313/data/processed/X_test_c.csv
2025-07-04 18:13:24,520 - MODEL_SAVED: runs/c_20250704_181313/models/iris_log_reg_c.joblib
2025-07-04 18:13:24,521 - METADATA_WRITTEN: runs/c_20250704_181313/models/metadata/iris_log_reg_c.json
2025-07-04 18:13:24,647 - MODEL_SAVED: runs/c_20250704_181313/models/iris_random_forest_c.joblib
2025-07-04 18:13:24,648 - METADATA_WRITTEN: runs/c_20250704_181313/models/metadata/iris_random_forest_c.json
2025-07-04 18:13:24,675 - END_LOGGING: Script '05_train_alternative_model_c.py'
2025-07-04 18:13:24,675 - RUN_DURATION: 0.20 seconds
2025-07-04 18:13:24,675 - SCRIPT_RESULTS:
{
    "data_shapes": {
        "input_df": [
            300,
            6
        ],
        "X_train": [
            240,
            5
        ],
        "X_test": [
            60,
            5
        ],
        "y_train": [
            240
        ],
        "y_test": [
            60
        ]
    },
    "logistic_regression": {
        "hyperparameters": {
            "C": 1.0,
            "class_weight": null,
            "dual": false,
            "fit_intercept": true,
            "intercept_scaling": 1,
            "l1_ratio": null,
            "max_iter": 200,
            "multi_class": "auto",
            "n_jobs": null,
            "penalty": "l2",
            "random_state": null,
            "solver": "lbfgs",
            "tol": 0.0001,
            "verbose": 0,
            "warm_start": false
        },
        "accuracy": 0.9833333333333333
    },
    "random_forest": {
        "hyperparameters": {
            "bootstrap": true,
            "ccp_alpha": 0.0,
            "class_weight": null,
            "criterion": "gini",
            "max_depth": null,
            "max_features": "sqrt",
            "max_leaf_nodes": null,
            "max_samples": null,
            "min_impurity_decrease": 0.0,
            "min_samples_leaf": 1,
            "min_samples_split": 2,
            "min_weight_fraction_leaf": 0.0,
            "n_estimators": 100,
            "n_jobs": null,
            "oob_score": false,
            "random_state": 42,
            "verbose": 0,
            "warm_start": false
        },
        "accuracy": 0.95
    }
}
2025-07-04 18:13:24,675 - ---
