2025-07-04 18:13:26,232 - Script: 06_evaluate_alternative_models_c.py
2025-07-04 18:13:26,232 - Description: Evaluates and compares the trained models for data version c.
2025-07-04 18:13:26,302 - FILE_READ: runs/c_20250704_181313/data/processed/iris_features_c.csv
2025-07-04 18:13:26,306 - FILE_READ: runs/c_20250704_181313/data/processed/X_test_c.csv
2025-07-04 18:13:26,307 - FILE_READ: runs/c_20250704_181313/data/processed/y_test_c.csv
2025-07-04 18:13:26,696 - PLOT_SAVED: runs/c_20250704_181313/reports/confusion_matrices_c.png
2025-07-04 18:13:26,696 - METADATA_WRITTEN: runs/c_20250704_181313/reports/metadata/confusion_matrices_c.json
2025-07-04 18:13:26,888 - END_LOGGING: Script '06_evaluate_alternative_models_c.py'
2025-07-04 18:13:26,888 - RUN_DURATION: 0.66 seconds
2025-07-04 18:13:26,888 - SCRIPT_RESULTS:
{
    "logistic_regression_accuracy": 0.9833333333333333,
    "random_forest_accuracy": 0.95,
    "logistic_regression_cm": [
        [
            19,
            0,
            0
        ],
        [
            0,
            25,
            1
        ],
        [
            0,
            0,
            15
        ]
    ],
    "random_forest_cm": [
        [
            19,
            0,
            0
        ],
        [
            0,
            23,
            3
        ],
        [
            0,
            0,
            15
        ]
    ],
    "logistic_regression_report": {
        "0": {
            "precision": 1.0,
            "recall": 1.0,
            "f1-score": 1.0,
            "support": 19
        },
        "1": {
            "precision": 1.0,
            "recall": 0.9615384615384616,
            "f1-score": 0.9803921568627451,
            "support": 26
        },
        "2": {
            "precision": 0.9375,
            "recall": 1.0,
            "f1-score": 0.967741935483871,
            "support": 15
        },
        "accuracy": 0.9833333333333333,
        "macro avg": {
            "precision": 0.9791666666666666,
            "recall": 0.9871794871794872,
            "f1-score": 0.9827113641155387,
            "support": 60
        },
        "weighted avg": {
            "precision": 0.984375,
            "recall": 0.9833333333333333,
            "f1-score": 0.9834387518448239,
            "support": 60
        }
    },
    "random_forest_report": {
        "0": {
            "precision": 1.0,
            "recall": 1.0,
            "f1-score": 1.0,
            "support": 19
        },
        "1": {
            "precision": 1.0,
            "recall": 0.8846153846153846,
            "f1-score": 0.9387755102040816,
            "support": 26
        },
        "2": {
            "precision": 0.8333333333333334,
            "recall": 1.0,
            "f1-score": 0.9090909090909091,
            "support": 15
        },
        "accuracy": 0.95,
        "macro avg": {
            "precision": 0.9444444444444445,
            "recall": 0.9615384615384616,
            "f1-score": 0.9492888064316635,
            "support": 60
        },
        "weighted avg": {
            "precision": 0.9583333333333334,
            "recall": 0.95,
            "f1-score": 0.9507421150278292,
            "support": 60
        }
    },
    "test_data_shape": {
        "X_test": [
            60,
            5
        ],
        "y_test": [
            60,
            1
        ]
    }
}
2025-07-04 18:13:26,888 - ---
