2025-07-04 18:57:11,414 - Script: 02_preprocess_data_e.py
2025-07-04 18:57:11,414 - Description: Cleans and preprocesses the raw Iris data for version e.
2025-07-04 18:57:11,414 - FILE_READ: runs/e_20250704_185709/data/raw/iris_raw_e.csv
2025-07-04 18:57:11,420 - FILE_WRITTEN: runs/e_20250704_185709/data/processed/iris_processed_e.csv
2025-07-04 18:57:11,422 - END_LOGGING: Script '02_preprocess_data_e.py'
2025-07-04 18:57:11,422 - RUN_DURATION: 0.01 seconds
2025-07-04 18:57:11,422 - SCRIPT_RESULTS:
{
    "processed_rows": 150,
    "initial_df_shape": [
        150,
        5
    ],
    "initial_df_columns": [
        "sepal length (cm)",
        "sepal width (cm)",
        "petal length (cm)",
        "petal width (cm)",
        "target"
    ],
    "processed_df_shape": [
        150,
        5
    ],
    "processed_df_columns": [
        "sepal_length",
        "sepal_width",
        "petal_length",
        "petal_width",
        "target"
    ]
}
2025-07-04 18:57:11,422 - ---
