2025-07-04 18:57:12,895 - Script: 03_eda_e.py
2025-07-04 18:57:12,895 - Description: Performs EDA on the processed Iris data (e) and saves a pairplot.
2025-07-04 18:57:12,895 - FILE_READ: runs/e_20250704_185709/data/processed/iris_processed_e.csv
2025-07-04 18:57:15,573 - PLOT_SAVED: runs/e_20250704_185709/reports/iris_pairplot_e.png
2025-07-04 18:57:15,573 - METADATA_WRITTEN: runs/e_20250704_185709/reports/metadata/iris_pairplot_e.json
2025-07-04 18:57:16,447 - END_LOGGING: Script '03_eda_e.py'
2025-07-04 18:57:16,447 - RUN_DURATION: 3.55 seconds
2025-07-04 18:57:16,447 - SCRIPT_RESULTS:
{
    "plot_generated": "iris_pairplot_e.png",
    "df_shape": [
        150,
        5
    ],
    "df_columns": [
        "sepal_length",
        "sepal_width",
        "petal_length",
        "petal_width",
        "target"
    ]
}
2025-07-04 18:57:16,447 - ---
