2025-07-04 18:57:21,359 - Script: 06_evaluate_hyperparameter_models_e.py
2025-07-04 18:57:21,359 - Description: Evaluates multiple models for data version e.
2025-07-04 18:57:21,359 - FILE_READ: runs/e_20250704_185709/data/processed/X_test_e.csv
2025-07-04 18:57:21,362 - FILE_READ: runs/e_20250704_185709/data/processed/y_test_e.csv
2025-07-04 18:57:22,439 - PLOT_SAVED: runs/e_20250704_185709/reports/confusion_matrices_e.png
2025-07-04 18:57:22,440 - METADATA_WRITTEN: runs/e_20250704_185709/reports/metadata/confusion_matrices_e.json
2025-07-04 18:57:22,750 - END_LOGGING: Script '06_evaluate_hyperparameter_models_e.py'
2025-07-04 18:57:22,750 - RUN_DURATION: 1.39 seconds
2025-07-04 18:57:22,751 - SCRIPT_RESULTS:
{
    "evaluation_metrics": {
        "rf_simple": {
            "accuracy": 0.9,
            "classification_report": {
                "0": {
                    "precision": 1.0,
                    "recall": 0.8,
                    "f1-score": 0.8888888888888888,
                    "support": 10.0
                },
                "1": {
                    "precision": 0.6,
                    "recall": 0.75,
                    "f1-score": 0.6666666666666666,
                    "support": 4.0
                },
                "2": {
                    "precision": 0.9411764705882353,
                    "recall": 1.0,
                    "f1-score": 0.9696969696969697,
                    "support": 16.0
                },
                "accuracy": 0.9,
                "macro avg": {
                    "precision": 0.8470588235294118,
                    "recall": 0.85,
                    "f1-score": 0.8417508417508417,
                    "support": 30.0
                },
                "weighted avg": {
                    "precision": 0.9152941176470589,
                    "recall": 0.9,
                    "f1-score": 0.9023569023569025,
                    "support": 30.0
                }
            },
            "confusion_matrix": [
                [
                    8,
                    2,
                    0
                ],
                [
                    0,
                    3,
                    1
                ],
                [
                    0,
                    0,
                    16
                ]
            ]
        },
        "rf_medium": {
            "accuracy": 0.9,
            "classification_report": {
                "0": {
                    "precision": 1.0,
                    "recall": 0.8,
                    "f1-score": 0.8888888888888888,
                    "support": 10.0
                },
                "1": {
                    "precision": 0.6,
                    "recall": 0.75,
                    "f1-score": 0.6666666666666666,
                    "support": 4.0
                },
                "2": {
                    "precision": 0.9411764705882353,
                    "recall": 1.0,
                    "f1-score": 0.9696969696969697,
                    "support": 16.0
                },
                "accuracy": 0.9,
                "macro avg": {
                    "precision": 0.8470588235294118,
                    "recall": 0.85,
                    "f1-score": 0.8417508417508417,
                    "support": 30.0
                },
                "weighted avg": {
                    "precision": 0.9152941176470589,
                    "recall": 0.9,
                    "f1-score": 0.9023569023569025,
                    "support": 30.0
                }
            },
            "confusion_matrix": [
                [
                    8,
                    2,
                    0
                ],
                [
                    0,
                    3,
                    1
                ],
                [
                    0,
                    0,
                    16
                ]
            ]
        },
        "rf_complex": {
            "accuracy": 0.9,
            "classification_report": {
                "0": {
                    "precision": 1.0,
                    "recall": 0.8,
                    "f1-score": 0.8888888888888888,
                    "support": 10.0
                },
                "1": {
                    "precision": 0.6,
                    "recall": 0.75,
                    "f1-score": 0.6666666666666666,
                    "support": 4.0
                },
                "2": {
                    "precision": 0.9411764705882353,
                    "recall": 1.0,
                    "f1-score": 0.9696969696969697,
                    "support": 16.0
                },
                "accuracy": 0.9,
                "macro avg": {
                    "precision": 0.8470588235294118,
                    "recall": 0.85,
                    "f1-score": 0.8417508417508417,
                    "support": 30.0
                },
                "weighted avg": {
                    "precision": 0.9152941176470589,
                    "recall": 0.9,
                    "f1-score": 0.9023569023569025,
                    "support": 30.0
                }
            },
            "confusion_matrix": [
                [
                    8,
                    2,
                    0
                ],
                [
                    0,
                    3,
                    1
                ],
                [
                    0,
                    0,
                    16
                ]
            ]
        },
        "xgb_simple": {
            "accuracy": 0.9333333333333333,
            "classification_report": {
                "0": {
                    "precision": 1.0,
                    "recall": 0.8,
                    "f1-score": 0.8888888888888888,
                    "support": 10.0
                },
                "1": {
                    "precision": 0.6666666666666666,
                    "recall": 1.0,
                    "f1-score": 0.8,
                    "support": 4.0
                },
                "2": {
                    "precision": 1.0,
                    "recall": 1.0,
                    "f1-score": 1.0,
                    "support": 16.0
                },
                "accuracy": 0.9333333333333333,
                "macro avg": {
                    "precision": 0.8888888888888888,
                    "recall": 0.9333333333333332,
                    "f1-score": 0.8962962962962964,
                    "support": 30.0
                },
                "weighted avg": {
                    "precision": 0.9555555555555555,
                    "recall": 0.9333333333333333,
                    "f1-score": 0.9362962962962963,
                    "support": 30.0
                }
            },
            "confusion_matrix": [
                [
                    8,
                    2,
                    0
                ],
                [
                    0,
                    4,
                    0
                ],
                [
                    0,
                    0,
                    16
                ]
            ]
        },
        "xgb_complex": {
            "accuracy": 0.9333333333333333,
            "classification_report": {
                "0": {
                    "precision": 1.0,
                    "recall": 0.8,
                    "f1-score": 0.8888888888888888,
                    "support": 10.0
                },
                "1": {
                    "precision": 0.6666666666666666,
                    "recall": 1.0,
                    "f1-score": 0.8,
                    "support": 4.0
                },
                "2": {
                    "precision": 1.0,
                    "recall": 1.0,
                    "f1-score": 1.0,
                    "support": 16.0
                },
                "accuracy": 0.9333333333333333,
                "macro avg": {
                    "precision": 0.8888888888888888,
                    "recall": 0.9333333333333332,
                    "f1-score": 0.8962962962962964,
                    "support": 30.0
                },
                "weighted avg": {
                    "precision": 0.9555555555555555,
                    "recall": 0.9333333333333333,
                    "f1-score": 0.9362962962962963,
                    "support": 30.0
                }
            },
            "confusion_matrix": [
                [
                    8,
                    2,
                    0
                ],
                [
                    0,
                    4,
                    0
                ],
                [
                    0,
                    0,
                    16
                ]
            ]
        }
    },
    "test_data_shape": {
        "X_test": [
            30,
            5
        ],
        "y_test": [
            30,
            1
        ]
    }
}
2025-07-04 18:57:22,751 - ---
