2025-07-04 18:08:02,546 - Script: 06_evaluate_alternative_models_a.py
2025-07-04 18:08:02,546 - Description: Evaluates and compares the trained models for data version a.
2025-07-04 18:08:02,616 - FILE_READ: runs/a_20250704_180751/data/processed/iris_features_a.csv
2025-07-04 18:08:02,619 - FILE_READ: runs/a_20250704_180751/data/processed/X_test_a.csv
2025-07-04 18:08:02,620 - FILE_READ: runs/a_20250704_180751/data/processed/y_test_a.csv
2025-07-04 18:08:02,960 - PLOT_SAVED: runs/a_20250704_180751/reports/confusion_matrices_a.png
2025-07-04 18:08:02,960 - METADATA_WRITTEN: runs/a_20250704_180751/reports/metadata/confusion_matrices_a.json
2025-07-04 18:08:03,105 - END_LOGGING: Script '06_evaluate_alternative_models_a.py'
2025-07-04 18:08:03,105 - RUN_DURATION: 0.56 seconds
2025-07-04 18:08:03,106 - SCRIPT_RESULTS:
{
    "logistic_regression_accuracy": 1.0,
    "random_forest_accuracy": 1.0,
    "logistic_regression_cm": [
        [
            10,
            0,
            0
        ],
        [
            0,
            9,
            0
        ],
        [
            0,
            0,
            11
        ]
    ],
    "random_forest_cm": [
        [
            10,
            0,
            0
        ],
        [
            0,
            9,
            0
        ],
        [
            0,
            0,
            11
        ]
    ],
    "logistic_regression_report": {
        "0": {
            "precision": 1.0,
            "recall": 1.0,
            "f1-score": 1.0,
            "support": 10
        },
        "1": {
            "precision": 1.0,
            "recall": 1.0,
            "f1-score": 1.0,
            "support": 9
        },
        "2": {
            "precision": 1.0,
            "recall": 1.0,
            "f1-score": 1.0,
            "support": 11
        },
        "accuracy": 1.0,
        "macro avg": {
            "precision": 1.0,
            "recall": 1.0,
            "f1-score": 1.0,
            "support": 30
        },
        "weighted avg": {
            "precision": 1.0,
            "recall": 1.0,
            "f1-score": 1.0,
            "support": 30
        }
    },
    "random_forest_report": {
        "0": {
            "precision": 1.0,
            "recall": 1.0,
            "f1-score": 1.0,
            "support": 10
        },
        "1": {
            "precision": 1.0,
            "recall": 1.0,
            "f1-score": 1.0,
            "support": 9
        },
        "2": {
            "precision": 1.0,
            "recall": 1.0,
            "f1-score": 1.0,
            "support": 11
        },
        "accuracy": 1.0,
        "macro avg": {
            "precision": 1.0,
            "recall": 1.0,
            "f1-score": 1.0,
            "support": 30
        },
        "weighted avg": {
            "precision": 1.0,
            "recall": 1.0,
            "f1-score": 1.0,
            "support": 30
        }
    },
    "test_data_shape": {
        "X_test": [
            30,
            5
        ],
        "y_test": [
            30,
            1
        ]
    }
}
2025-07-04 18:08:03,106 - ---
