2025-07-04 17:52:30,251 - Script: 05_train_alternative_model_a.py
2025-07-04 17:52:30,252 - Description: Trains and compares Logistic Regression and Random Forest models on data version a.
2025-07-04 17:52:30,252 - FILE_READ: runs/a_20250704_175221/data/processed/iris_features_a.csv
2025-07-04 17:52:30,256 - FILE_WRITTEN: runs/a_20250704_175221/data/processed/X_test_a.csv
2025-07-04 17:52:30,300 - MODEL_SAVED: runs/a_20250704_175221/models/iris_log_reg_a.joblib
2025-07-04 17:52:30,300 - METADATA_WRITTEN: runs/a_20250704_175221/models/metadata/iris_log_reg_a.json
2025-07-04 17:52:30,410 - MODEL_SAVED: runs/a_20250704_175221/models/iris_random_forest_a.joblib
2025-07-04 17:52:30,410 - METADATA_WRITTEN: runs/a_20250704_175221/models/metadata/iris_random_forest_a.json
2025-07-04 17:52:30,439 - END_LOGGING: Script '05_train_alternative_model_a.py'
2025-07-04 17:52:30,439 - RUN_DURATION: 0.19 seconds
2025-07-04 17:52:30,439 - SCRIPT_RESULTS:
{
    "logistic_regression": {
        "hyperparameters": {
            "C": 1.0,
            "class_weight": null,
            "dual": false,
            "fit_intercept": true,
            "intercept_scaling": 1,
            "l1_ratio": null,
            "max_iter": 1000,
            "multi_class": "auto",
            "n_jobs": null,
            "penalty": "l2",
            "random_state": null,
            "solver": "lbfgs",
            "tol": 0.0001,
            "verbose": 0,
            "warm_start": false
        },
        "accuracy": 1.0
    },
    "random_forest": {
        "hyperparameters": {
            "bootstrap": true,
            "ccp_alpha": 0.0,
            "class_weight": null,
            "criterion": "gini",
            "max_depth": null,
            "max_features": "sqrt",
            "max_leaf_nodes": null,
            "max_samples": null,
            "min_impurity_decrease": 0.0,
            "min_samples_leaf": 1,
            "min_samples_split": 2,
            "min_weight_fraction_leaf": 0.0,
            "n_estimators": 100,
            "n_jobs": null,
            "oob_score": false,
            "random_state": 42,
            "verbose": 0,
            "warm_start": false
        },
        "accuracy": 1.0
    }
}
2025-07-04 17:52:30,439 - ---
